1592210366844	mozrunner::runner	INFO	Running command: "C:\\Program Files\\Mozilla Firefox\\firefox.exe" "-marionette" "-foreground" "-no-remote" "-profile" "C:\\Users\\MYOTHI~1\\AppData\\Local\\Temp\\rust_mozprofileSKLOWN"
1592210392230	mozrunner::runner	INFO	Running command: "C:\\Program Files\\Mozilla Firefox\\firefox.exe" "-marionette" "-foreground" "-no-remote" "-profile" "C:\\Users\\MYOTHI~1\\AppData\\Local\\Temp\\rust_mozprofileikXYst"
JavaScript error: resource://gre/modules/XULStore.jsm, line 66: Error: Can't find profile directory.
console.error: "Could not write session state file " (new Error("_initWorker called too early! Please read the session file from disk first.", "resource:///modules/sessionstore/SessionFile.jsm", 375)) "_initWorker/<@resource:///modules/sessionstore/SessionFile.jsm:375:15\n_initWorker@resource:///modules/sessionstore/SessionFile.jsm:368:12\n_postToWorker@resource:///modules/sessionstore/SessionFile.jsm:410:16\nwrite@resource:///modules/sessionstore/SessionFile.jsm:448:24\nwrite@resource:///modules/sessionstore/SessionFile.jsm:75:32\n_writeState@resource:///modules/sessionstore/SessionSaver.jsm:360:24\n_saveState@resource:///modules/sessionstore/SessionSaver.jsm:294:17\n_saveStateAsync@resource:///modules/sessionstore/SessionSaver.jsm:344:10\nsaveStateAsyncWhenIdle@resource:///modules/sessionstore/SessionSaver.jsm:191:14\ncallback@resource://gre/modules/Timer.jsm:127:16\n"
1592210406746	Marionette	INFO	Listening on port 61382
1592210407157	Marionette	WARN	TLS certificate errors will be ignored for this session
JavaScript error: resource://gre/modules/NetworkGeolocationProvider.jsm, line 555: TypeError: xhr.response.location is undefined
1592210474780	mozrunner::runner	INFO	Running command: "C:\\Program Files\\Mozilla Firefox\\firefox.exe" "-marionette" "-foreground" "-no-remote" "-profile" "C:\\Users\\MYOTHI~1\\AppData\\Local\\Temp\\rust_mozprofilecnzNS2"
JavaScript error: resource://gre/modules/XULStore.jsm, line 66: Error: Can't find profile directory.
1592210479370	Marionette	INFO	Listening on port 61562
1592210479516	Marionette	WARN	TLS certificate errors will be ignored for this session
JavaScript error: resource://gre/modules/NetworkGeolocationProvider.jsm, line 555: TypeError: xhr.response.location is undefined
1592210512604	Marionette	WARN	TimedPromise timed out after 0 ms: stacktrace:
TimedPromise/<@chrome://marionette/content/sync.js:245:13
TimedPromise@chrome://marionette/content/sync.js:230:10
Sleep@chrome://marionette/content/sync.js:283:10
dispatchPause@chrome://marionette/content/action.js:1482:10
toEvents/<@chrome://marionette/content/action.js:1156:16
action.dispatchTickActions@chrome://marionette/content/action.js:1060:35
action.dispatch/chainEvents<@chrome://marionette/content/action.js:1028:20
action.dispatch@chrome://marionette/content/action.js:1034:5
performActions@chrome://marionette/content/listener.js:853:16
dispatch/</req<@chrome://marionette/content/listener.js:527:14
dispatch/<@chrome://marionette/content/listener.js:520:15
1592210512620	Marionette	WARN	TimedPromise timed out after 0 ms: stacktrace:
TimedPromise/<@chrome://marionette/content/sync.js:245:13
TimedPromise@chrome://marionette/content/sync.js:230:10
Sleep@chrome://marionette/content/sync.js:283:10
dispatchPause@chrome://marionette/content/action.js:1482:10
toEvents/<@chrome://marionette/content/action.js:1156:16
action.dispatchTickActions@chrome://marionette/content/action.js:1060:35
action.dispatch/chainEvents<@chrome://marionette/content/action.js:1028:20
JavaScript error: resource://gre/actors/BrowserElementParent.jsm, line 180: Error: permitUnload is already running for this tab.
[Parent 19152, Gecko_IOThread] WARNING: file /builds/worker/checkouts/gecko/ipc/chromium/src/base/process_util_win.cc, line 166
[Parent 19152, Gecko_IOThread] WARNING: file /builds/worker/checkouts/gecko/ipc/chromium/src/base/process_util_win.cc, line 166
[Parent 19152, Gecko_IOThread] WARNING: file /builds/worker/checkouts/gecko/ipc/chromium/src/base/process_util_win.cc, line 166
1592220333771	Marionette	INFO	Stopped listening on port 61562

###!!! [Child][RunMessage] Error: Channel closing: too late to send/recv, messages will be lost

#!!! [Child][RunMessage] Error: Channel closing: too late to send/recv, messages will be lost


###!!! [Child][RunMessage] Error: Channel closing: too late to send/recv, messages will be lost


###!!! [Child][RunMessage] Error: Channel closing: too late to send/recv, messages will be lost


###!!! [Child][RunMessage] Error: Channel closing: too late to send/recv, messages will be lost


###!!! [Child][RunMessage] Error: Channel closing: too late to send/recv, messages will be lost


###!!! [Child][RunMessage] Error: Channel closing: too late to send/recv, messages will be lost


###!!! [Child][RunMessage] Error: Channel closing: too late to send/recv, messages will be lost


###!!! [Child][RunMessage] Error: Channel closing: too late to send/recv, messages will be lost


###!!! [Child][RunMessage] Error: Channel closing: too late to send/recv, messages will be lost


###!!! [Child][RunMessage] Error: Channel closing: too late to send/recv, messages will be lost


###!!! [Child][RunMessage] Error: Channel closing: too late to send/recv, messages will be lost


###!!! [Child][RunMessage] Error: Channel closing: too late to send/recv, messages will be lost


###!!! [Child][RunMessage] Error: Channel closing: too late to send/recv, messages will be lost


###!!! [Child][RunMessage] Error: Channel closing: too late to send/recv, messages will be lost


###!!! [Child][RunMessage] Error: Channel closing: too late to send/recv, messages will be lost


###!!! [Child][RunMessage] Error: Channel closing: too late to send/recv, messages will be lost


###!!! [Child][RunMessage] Error: Channel closing: too late to send/recv, messages will be lost


###!!! [Child][RunMessage] Error: Channel closing: too late to send/recv, messages will be lost

1592210475545	Marionette	INFO	Stopped listening on port 61382

###!!! [Child][RunMessage] Error: Channel closing: too late to send/recv, messages will be lost


###!!! [Child][MessageChannel::SendAndWait] Error: Channel error: cannot send/recv

